
          -------------------------------------------------------
          Amber 9  SANDER                              2006
          -------------------------------------------------------

| Run on 11/26/2007 at 17:18:57

File Assignments:
|  MDIN: min.in                                                                
| MDOUT: 1ef1.7.1.out                                                          
|INPCRD: prmcrd.7.1                                                            
|  PARM: prmtop                                                                
|RESTRT: 1ef1.7.1.xyz                                                          
|  REFC: refc                                                                  
| MDVEL: mdvel                                                                 
|  MDEN: mden                                                                  
| MDCRD: mdcrd                                                                 
|MDINFO: mdinfo                                                                
|INPDIP: inpdip                                                                
|RSTDIP: rstdip                                                                


 Here is the input file:

# 200m steps of minimization, generalized Born solvent model                   
 &cntrl                                                                        
    maxcyc=200, imin=1, cut=12.0, igb=1, ntb=0, ntpr=10,                       
 /                                                                             

--------------------------------------------------------------------------------
   1.  RESOURCE   USE: 
--------------------------------------------------------------------------------

| Flags:                                                                        
| New format PARM file being parsed.
| Version =    1.000 Date = 11/26/07 Time = 11:13:55
 NATOM  =    1231 NTYPES =      14 NBONH =     629 MBONA  =     608
 NTHETH =    1439 MTHETA =     818 NPHIH =    2711 MPHIA  =    1753
 NHPARM =       0 NPARM  =       0 NNB   =    6824 NRES   =      76
 NBONA  =     608 NTHETA =     818 NPHIA =    1753 NUMBND =      33
 NUMANG =      70 NPTRA  =      41 NATYP =      24 NPHB   =       0
 IFBOX  =       0 NMXRS  =      24 IFCAP =       0 NEXTRA =       0
 NCOPY  =       0

 Implicit solvent radii are modified Bondi radii (mbondi)                                                   

|     Memory Use     Allocated
|     Real               79143
|     Hollerith           7464
|     Integer            82612
|     Max Pairs              1
|     nblistReal             0
|     nblist Int             0
|       Total              970 kbytes
| Duplicated    0 dihedrals
| Duplicated    0 dihedrals

--------------------------------------------------------------------------------
   2.  CONTROL  DATA  FOR  THE  RUN
--------------------------------------------------------------------------------

                                                                                

General flags:
     imin    =       1, nmropt  =       0

Nature and format of input:
     ntx     =       1, irest   =       0, ntrx    =       1

Nature and format of output:
     ntxo    =       1, ntpr    =      10, ntrx    =       1, ntwr    =     500
     iwrap   =       0, ntwx    =       0, ntwv    =       0, ntwe    =       0
     ioutfm  =       0, ntwprt  =       0, idecomp =       0, rbornstat=      0

Potential function:
     ntf     =       1, ntb     =       0, igb     =       1, nsnb    =      25
     ipol    =       0, gbsa    =       0, iesp    =       0
     dielc   =   1.00000, cut     =  12.00000, intdiel =   1.00000
     saltcon =   0.00000, offset  =   0.09000, gbalpha=    1.00000
     gbbeta  =   0.00000, gbgamma =   0.00000, surften =   0.00500
     rdt     =   0.00000, rgbmax  =  25.00000
     alpb  =        0
     scnb    =   2.00000, scee    =   1.20000

Frozen or restrained atoms:
     ibelly  =       0, ntr     =       0

Energy minimization:
     maxcyc  =     200, ncyc    =      10, ntmin   =       1
     dx0     =   0.01000, drms    =   0.00010
|  INFO: Old style inpcrd file read


--------------------------------------------------------------------------------
   3.  ATOMIC COORDINATES AND VELOCITIES
--------------------------------------------------------------------------------

                                                                                
 begin time read from input coords =     0.000 ps

 Number of triangulated 3-point waters found:        0

--------------------------------------------------------------------------------
   4.  RESULTS
--------------------------------------------------------------------------------



   NSTEP       ENERGY          RMS            GMAX         NAME    NUMBER
      1       1.2385E+05     8.8282E+03     2.9829E+05     HD12     1107

 BOND    =    78668.0709  ANGLE   =      976.2857  DIHED      =      742.8090
 VDWAALS =    46061.5181  EEL     =    -4041.8082  EGB        =    -2030.8056
 1-4 VDW =      438.8489  1-4 EEL =     3036.6785  RESTRAINT  =        0.0000


   NSTEP       ENERGY          RMS            GMAX         NAME    NUMBER
     10       9.5123E+04     2.1789E+03     5.8461E+04     HD12     1107

 BOND    =    78597.4403  ANGLE   =      976.1889  DIHED      =      742.7592
 VDWAALS =    17403.3573  EEL     =    -4041.0886  EGB        =    -2031.5366
 1-4 VDW =      438.8559  1-4 EEL =     3036.6010  RESTRAINT  =        0.0000


   NSTEP       ENERGY          RMS            GMAX         NAME    NUMBER
     20       5.1763E+04     1.6218E+02     3.9216E+03     HD11      713

 BOND    =    50994.1672  ANGLE   =     1510.4066  DIHED      =      746.2411
 VDWAALS =     1128.9318  EEL     =    -4108.3243  EGB        =    -1971.3170
 1-4 VDW =      458.7614  1-4 EEL =     3004.2001  RESTRAINT  =        0.0000


   NSTEP       ENERGY          RMS            GMAX         NAME    NUMBER
     30       4.2094E+04     7.8659E+01     1.6638E+03     O        1230

 BOND    =    41612.6716  ANGLE   =     1996.2350  DIHED      =      750.1559
 VDWAALS =      309.0641  EEL     =    -4015.2496  EGB        =    -2040.8946
 1-4 VDW =      501.9004  1-4 EEL =     2980.1613  RESTRAINT  =        0.0000


   NSTEP       ENERGY          RMS            GMAX         NAME    NUMBER
     40       1.0630E+04     3.2431E+01     8.6561E+02     O        1230

 BOND    =    10715.0767  ANGLE   =     2148.9138  DIHED      =      754.3105
 VDWAALS =     -153.1819  EEL     =    -3815.1622  EGB        =    -2177.2209
 1-4 VDW =      323.4315  1-4 EEL =     2834.1311  RESTRAINT  =        0.0000


   NSTEP       ENERGY          RMS            GMAX         NAME    NUMBER
     50       2.2719E+03     1.6205E+01     2.7418E+02     CA       1226

 BOND    =     3255.9588  ANGLE   =     1465.2897  DIHED      =      737.7359
 VDWAALS =     -330.4747  EEL     =    -3898.9965  EGB        =    -2052.8188
 1-4 VDW =      312.8649  1-4 EEL =     2782.3354  RESTRAINT  =        0.0000


   NSTEP       ENERGY          RMS            GMAX         NAME    NUMBER
     60       1.3081E+03     1.2382E+01     2.3346E+02     N        1224

 BOND    =     2562.8322  ANGLE   =     1220.3040  DIHED      =      731.8724
 VDWAALS =     -329.6591  EEL     =    -3899.2909  EGB        =    -2050.4525
 1-4 VDW =      275.4744  1-4 EEL =     2796.9936  RESTRAINT  =        0.0000


   NSTEP       ENERGY          RMS            GMAX         NAME    NUMBER
     70      -1.0577E+02     8.9207E+00     2.2340E+02     N        1224

 BOND    =     1425.0345  ANGLE   =     1021.6988  DIHED      =      729.1944
 VDWAALS =     -380.7912  EEL     =    -3799.8002  EGB        =    -2166.4762
 1-4 VDW =      261.1387  1-4 EEL =     2804.2285  RESTRAINT  =        0.0000


   NSTEP       ENERGY          RMS            GMAX         NAME    NUMBER
     80      -6.9732E+02     1.0064E+01     2.1296E+02     CG        835

 BOND    =      909.6540  ANGLE   =      936.0593  DIHED      =      743.7820
 VDWAALS =     -371.9314  EEL     =    -3821.2726  EGB        =    -2134.1241
 1-4 VDW =      251.7626  1-4 EEL =     2788.7523  RESTRAINT  =        0.0000


   NSTEP       ENERGY          RMS            GMAX         NAME    NUMBER
     90      -1.1482E+03     6.3319E+00     1.1802E+02     CG        835

 BOND    =      700.3977  ANGLE   =      762.0952  DIHED      =      728.4131
 VDWAALS =     -420.5680  EEL     =    -3883.8323  EGB        =    -2084.0933
 1-4 VDW =      246.4134  1-4 EEL =     2802.9365  RESTRAINT  =        0.0000


   NSTEP       ENERGY          RMS            GMAX         NAME    NUMBER
    100      -1.5912E+03     6.9003E+00     1.2706E+02     O        1230

 BOND    =      500.2541  ANGLE   =      561.6424  DIHED      =      710.8006
 VDWAALS =     -450.4121  EEL     =    -3976.1137  EGB        =    -2020.1657
 1-4 VDW =      240.3941  1-4 EEL =     2842.4332  RESTRAINT  =        0.0000


   NSTEP       ENERGY          RMS            GMAX         NAME    NUMBER
    110      -1.7178E+03     5.8434E+00     1.0232E+02     C        1229

 BOND    =      427.6288  ANGLE   =      517.1652  DIHED      =      706.2580
 VDWAALS =     -455.8708  EEL     =    -4004.7442  EGB        =    -1987.9947
 1-4 VDW =      237.7680  1-4 EEL =     2842.0316  RESTRAINT  =        0.0000


   NSTEP       ENERGY          RMS            GMAX         NAME    NUMBER
    120      -1.9483E+03     3.9621E+00     7.1964E+01     CG        835

 BOND    =      314.4624  ANGLE   =      431.2510  DIHED      =      691.7084
 VDWAALS =     -463.7972  EEL     =    -3997.2979  EGB        =    -2003.3082
 1-4 VDW =      232.6383  1-4 EEL =     2846.0457  RESTRAINT  =        0.0000


   NSTEP       ENERGY          RMS            GMAX         NAME    NUMBER
    130      -2.0481E+03     3.6522E+00     4.9532E+01     C        1229

 BOND    =      274.5622  ANGLE   =      383.2556  DIHED      =      680.4419
 VDWAALS =     -466.5002  EEL     =    -3987.6643  EGB        =    -2020.5182
 1-4 VDW =      232.0997  1-4 EEL =     2856.1872  RESTRAINT  =        0.0000


   NSTEP       ENERGY          RMS            GMAX         NAME    NUMBER
    140      -2.1353E+03     3.6837E+00     4.7604E+01     CG        835

 BOND    =      216.6473  ANGLE   =      363.5262  DIHED      =      675.7850
 VDWAALS =     -473.3068  EEL     =    -3939.4832  EGB        =    -2073.9084
 1-4 VDW =      232.0021  1-4 EEL =     2863.4709  RESTRAINT  =        0.0000


   NSTEP       ENERGY          RMS            GMAX         NAME    NUMBER
    150      -2.2491E+03     3.7967E+00     7.8721E+01     CG        835

 BOND    =      166.7862  ANGLE   =      315.3503  DIHED      =      672.5483
 VDWAALS =     -483.3949  EEL     =    -4181.8227  EGB        =    -1849.8640
 1-4 VDW =      232.0221  1-4 EEL =     2879.3116  RESTRAINT  =        0.0000


   NSTEP       ENERGY          RMS            GMAX         NAME    NUMBER
    160      -2.2876E+03     2.5928E+00     4.1388E+01     N        1193

 BOND    =      143.9384  ANGLE   =      305.2039  DIHED      =      669.0156
 VDWAALS =     -486.3825  EEL     =    -4174.3564  EGB        =    -1858.2085
 1-4 VDW =      231.2281  1-4 EEL =     2881.9200  RESTRAINT  =        0.0000


   NSTEP       ENERGY          RMS            GMAX         NAME    NUMBER
    170      -2.3351E+03     1.6655E+00     3.4535E+01     CA       1219

 BOND    =      129.4991  ANGLE   =      280.8270  DIHED      =      666.3628
 VDWAALS =     -490.7894  EEL     =    -4160.0908  EGB        =    -1878.1299
 1-4 VDW =      229.9646  1-4 EEL =     2887.2922  RESTRAINT  =        0.0000


   NSTEP       ENERGY          RMS            GMAX         NAME    NUMBER
    180      -2.3524E+03     2.0004E+00     3.4818E+01     CG        617

 BOND    =      118.5366  ANGLE   =      277.3391  DIHED      =      666.3939
 VDWAALS =     -492.8786  EEL     =    -4257.3552  EGB        =    -1784.9639
 1-4 VDW =      230.1885  1-4 EEL =     2890.3746  RESTRAINT  =        0.0000


   NSTEP       ENERGY          RMS            GMAX         NAME    NUMBER
    190      -2.3797E+03     1.5593E+00     1.7124E+01     C        1191

 BOND    =      108.2122  ANGLE   =      265.7215  DIHED      =      664.3785
 VDWAALS =     -495.7164  EEL     =    -4304.4021  EGB        =    -1742.0511
 1-4 VDW =      230.2040  1-4 EEL =     2893.9058  RESTRAINT  =        0.0000


   NSTEP       ENERGY          RMS            GMAX         NAME    NUMBER
    200      -2.4097E+03     2.4998E+00     3.4043E+01     CG        835

 BOND    =       96.9160  ANGLE   =      253.1551  DIHED      =      664.4438
 VDWAALS =     -501.1697  EEL     =    -4349.5392  EGB        =    -1705.3987
 1-4 VDW =      230.3890  1-4 EEL =     2901.4786  RESTRAINT  =        0.0000


  Maximum number of minimization cycles reached.


                    FINAL RESULTS



   NSTEP       ENERGY          RMS            GMAX         NAME    NUMBER
    200      -2.4097E+03     2.4998E+00     3.4043E+01     CG        835

 BOND    =       96.9160  ANGLE   =      253.1551  DIHED      =      664.4438
 VDWAALS =     -501.1697  EEL     =    -4349.5392  EGB        =    -1705.3987
 1-4 VDW =      230.3890  1-4 EEL =     2901.4786  RESTRAINT  =        0.0000

--------------------------------------------------------------------------------
   5.  TIMINGS
--------------------------------------------------------------------------------

|    Read coords time           0.01 ( 0.01% of Total)
|                Calc gb radii             17.60 (27.91% of Gen B)
|                Calc gb diag              32.35 (51.29% of Gen B)
|                Calc gb off-diag          13.12 (20.80% of Gen B)
|             Gen Born time             63.07 (100.0% of Nonbo)
|          Nonbond force             63.07 (98.75% of Force)
|          Bond/Angle/Dihedral        0.80 ( 1.25% of Force)
|          Other                      0.00 ( 0.01% of Force)
|       Force time                63.87 (100.0% of Runmd)
|    Runmd Time                63.87 (99.71% of Total)
|    Other                      0.18 ( 0.28% of Total)
| Total time                64.05 (100.0% of ALL  )

| Highest rstack allocated:          0
| Highest istack allocated:          0
|           Job began  at 17:18:57.280  on 11/26/2007
|           Setup done at 17:18:57.349  on 11/26/2007
|           Run   done at 17:20:01.330  on 11/26/2007
|     wallclock() was called    3608 times
