
          -------------------------------------------------------
          Amber 9  SANDER                              2006
          -------------------------------------------------------

| Run on 11/26/2007 at 17:26:29

File Assignments:
|  MDIN: min.in                                                                
| MDOUT: 1ef1.8.5.out                                                          
|INPCRD: prmcrd.8.5                                                            
|  PARM: prmtop                                                                
|RESTRT: 1ef1.8.5.xyz                                                          
|  REFC: refc                                                                  
| MDVEL: mdvel                                                                 
|  MDEN: mden                                                                  
| MDCRD: mdcrd                                                                 
|MDINFO: mdinfo                                                                
|INPDIP: inpdip                                                                
|RSTDIP: rstdip                                                                


 Here is the input file:

# 200m steps of minimization, generalized Born solvent model                   
 &cntrl                                                                        
    maxcyc=200, imin=1, cut=12.0, igb=1, ntb=0, ntpr=10,                       
 /                                                                             

--------------------------------------------------------------------------------
   1.  RESOURCE   USE: 
--------------------------------------------------------------------------------

| Flags:                                                                        
| New format PARM file being parsed.
| Version =    1.000 Date = 11/26/07 Time = 11:13:55
 NATOM  =    1231 NTYPES =      14 NBONH =     629 MBONA  =     608
 NTHETH =    1439 MTHETA =     818 NPHIH =    2711 MPHIA  =    1753
 NHPARM =       0 NPARM  =       0 NNB   =    6824 NRES   =      76
 NBONA  =     608 NTHETA =     818 NPHIA =    1753 NUMBND =      33
 NUMANG =      70 NPTRA  =      41 NATYP =      24 NPHB   =       0
 IFBOX  =       0 NMXRS  =      24 IFCAP =       0 NEXTRA =       0
 NCOPY  =       0

 Implicit solvent radii are modified Bondi radii (mbondi)                                                   

|     Memory Use     Allocated
|     Real               79143
|     Hollerith           7464
|     Integer            82612
|     Max Pairs              1
|     nblistReal             0
|     nblist Int             0
|       Total              970 kbytes
| Duplicated    0 dihedrals
| Duplicated    0 dihedrals

--------------------------------------------------------------------------------
   2.  CONTROL  DATA  FOR  THE  RUN
--------------------------------------------------------------------------------

                                                                                

General flags:
     imin    =       1, nmropt  =       0

Nature and format of input:
     ntx     =       1, irest   =       0, ntrx    =       1

Nature and format of output:
     ntxo    =       1, ntpr    =      10, ntrx    =       1, ntwr    =     500
     iwrap   =       0, ntwx    =       0, ntwv    =       0, ntwe    =       0
     ioutfm  =       0, ntwprt  =       0, idecomp =       0, rbornstat=      0

Potential function:
     ntf     =       1, ntb     =       0, igb     =       1, nsnb    =      25
     ipol    =       0, gbsa    =       0, iesp    =       0
     dielc   =   1.00000, cut     =  12.00000, intdiel =   1.00000
     saltcon =   0.00000, offset  =   0.09000, gbalpha=    1.00000
     gbbeta  =   0.00000, gbgamma =   0.00000, surften =   0.00500
     rdt     =   0.00000, rgbmax  =  25.00000
     alpb  =        0
     scnb    =   2.00000, scee    =   1.20000

Frozen or restrained atoms:
     ibelly  =       0, ntr     =       0

Energy minimization:
     maxcyc  =     200, ncyc    =      10, ntmin   =       1
     dx0     =   0.01000, drms    =   0.00010
|  INFO: Old style inpcrd file read


--------------------------------------------------------------------------------
   3.  ATOMIC COORDINATES AND VELOCITIES
--------------------------------------------------------------------------------

                                                                                
 begin time read from input coords =     0.000 ps

 Number of triangulated 3-point waters found:        0

--------------------------------------------------------------------------------
   4.  RESULTS
--------------------------------------------------------------------------------



   NSTEP       ENERGY          RMS            GMAX         NAME    NUMBER
      1       7.8449E+04     1.7153E+04     4.7853E+05     HD11      713

 BOND    =     1340.2867  ANGLE   =      213.1020  DIHED      =      658.4512
 VDWAALS =    78749.5093  EEL     =    -4305.8750  EGB        =    -1866.0133
 1-4 VDW =      461.4946  1-4 EEL =     3197.7060  RESTRAINT  =        0.0000


   NSTEP       ENERGY          RMS            GMAX         NAME    NUMBER
     10       2.3302E+04     3.8770E+03     9.5064E+04     HD12     1107

 BOND    =     1341.8884  ANGLE   =      213.2352  DIHED      =      658.4662
 VDWAALS =    23600.6361  EEL     =    -4305.2130  EGB        =    -1866.6651
 1-4 VDW =      461.6143  1-4 EEL =     3197.6844  RESTRAINT  =        0.0000


   NSTEP       ENERGY          RMS            GMAX         NAME    NUMBER
     20       8.7505E+01     2.4678E+01     4.8258E+02     O        1230

 BOND    =      931.4906  ANGLE   =      234.9894  DIHED      =      657.5697
 VDWAALS =      796.1704  EEL     =    -4328.5825  EGB        =    -1845.9599
 1-4 VDW =      457.3355  1-4 EEL =     3184.4915  RESTRAINT  =        0.0000


   NSTEP       ENERGY          RMS            GMAX         NAME    NUMBER
     30      -1.2804E+03     1.0882E+01     1.5212E+02     C        1229

 BOND    =      179.9451  ANGLE   =      424.3293  DIHED      =      663.9497
 VDWAALS =       56.2152  EEL     =    -4407.4555  EGB        =    -1767.2681
 1-4 VDW =      430.0788  1-4 EEL =     3139.7670  RESTRAINT  =        0.0000


   NSTEP       ENERGY          RMS            GMAX         NAME    NUMBER
     40      -1.9402E+03     5.8600E+00     8.4978E+01     CG        835

 BOND    =       89.4571  ANGLE   =      306.6910  DIHED      =      685.8929
 VDWAALS =     -262.1266  EEL     =    -4441.3922  EGB        =    -1700.9534
 1-4 VDW =      336.7783  1-4 EEL =     3045.4288  RESTRAINT  =        0.0000


   NSTEP       ENERGY          RMS            GMAX         NAME    NUMBER
     50      -2.2145E+03     4.0223E+00     4.3216E+01     C         960

 BOND    =       61.7199  ANGLE   =      246.3218  DIHED      =      686.5124
 VDWAALS =     -388.6590  EEL     =    -4240.1778  EGB        =    -1887.4695
 1-4 VDW =      282.3273  1-4 EEL =     3024.9345  RESTRAINT  =        0.0000


   NSTEP       ENERGY          RMS            GMAX         NAME    NUMBER
     60      -2.2673E+03     2.7547E+00     3.2059E+01     CG        835

 BOND    =       54.6233  ANGLE   =      234.5228  DIHED      =      681.9065
 VDWAALS =     -408.0533  EEL     =    -4267.1105  EGB        =    -1861.5889
 1-4 VDW =      278.4358  1-4 EEL =     3019.9249  RESTRAINT  =        0.0000


   NSTEP       ENERGY          RMS            GMAX         NAME    NUMBER
     70      -2.3453E+03     2.6588E+00     2.3255E+01     CG2       705

 BOND    =       48.9094  ANGLE   =      200.1071  DIHED      =      672.8009
 VDWAALS =     -422.5129  EEL     =    -4395.1404  EGB        =    -1734.3394
 1-4 VDW =      271.7348  1-4 EEL =     3013.0927  RESTRAINT  =        0.0000


   NSTEP       ENERGY          RMS            GMAX         NAME    NUMBER
     80      -2.3777E+03     2.3629E+00     1.9548E+01     CA       1219

 BOND    =       43.3254  ANGLE   =      195.6016  DIHED      =      671.5427
 VDWAALS =     -436.0271  EEL     =    -4476.4493  EGB        =    -1650.7481
 1-4 VDW =      268.3418  1-4 EEL =     3006.7454  RESTRAINT  =        0.0000


   NSTEP       ENERGY          RMS            GMAX         NAME    NUMBER
     90      -2.4041E+03     1.7255E+00     1.5004E+01     C        1222

 BOND    =       47.5489  ANGLE   =      200.3318  DIHED      =      675.0503
 VDWAALS =     -456.1068  EEL     =    -4410.0581  EGB        =    -1714.7074
 1-4 VDW =      257.8465  1-4 EEL =     2995.9688  RESTRAINT  =        0.0000


   NSTEP       ENERGY          RMS            GMAX         NAME    NUMBER
    100      -2.4439E+03     1.9375E+00     2.7950E+01     CG        514

 BOND    =       50.6169  ANGLE   =      211.3921  DIHED      =      677.6092
 VDWAALS =     -492.5851  EEL     =    -4385.2003  EGB        =    -1735.6665
 1-4 VDW =      245.6795  1-4 EEL =     2984.2073  RESTRAINT  =        0.0000


   NSTEP       ENERGY          RMS            GMAX         NAME    NUMBER
    110      -2.4581E+03     1.3866E+00     1.4697E+01     N        1224

 BOND    =       48.7103  ANGLE   =      203.3726  DIHED      =      674.3610
 VDWAALS =     -493.2879  EEL     =    -4286.4626  EGB        =    -1834.2908
 1-4 VDW =      245.5831  1-4 EEL =     2983.9458  RESTRAINT  =        0.0000


   NSTEP       ENERGY          RMS            GMAX         NAME    NUMBER
    120      -2.4705E+03     1.4177E+00     2.0753E+01     CG        514

 BOND    =       43.7491  ANGLE   =      193.0547  DIHED      =      671.8215
 VDWAALS =     -489.4168  EEL     =    -4282.0104  EGB        =    -1839.8572
 1-4 VDW =      247.9272  1-4 EEL =     2984.2095  RESTRAINT  =        0.0000


   NSTEP       ENERGY          RMS            GMAX         NAME    NUMBER
    130      -2.4718E+03     9.0503E-01     9.2623E+00     HA3      1221

 BOND    =       43.1968  ANGLE   =      192.6939  DIHED      =      671.7222
 VDWAALS =     -489.6155  EEL     =    -4280.3973  EGB        =    -1841.5560
 1-4 VDW =      247.9221  1-4 EEL =     2984.1882  RESTRAINT  =        0.0000


   NSTEP       ENERGY          RMS            GMAX         NAME    NUMBER
    140      -2.4770E+03     1.0183E+00     1.7723E+01     CG        514

 BOND    =       43.5006  ANGLE   =      191.7081  DIHED      =      670.8109
 VDWAALS =     -492.2912  EEL     =    -4287.9489  EGB        =    -1834.6166
 1-4 VDW =      247.6296  1-4 EEL =     2984.2155  RESTRAINT  =        0.0000


   NSTEP       ENERGY          RMS            GMAX         NAME    NUMBER
    150      -2.4897E+03     2.5297E+00     3.2801E+01     CG        514

 BOND    =       50.1218  ANGLE   =      193.7532  DIHED      =      670.7525
 VDWAALS =     -502.2173  EEL     =    -4288.0689  EGB        =    -1834.6312
 1-4 VDW =      242.5855  1-4 EEL =     2978.0530  RESTRAINT  =        0.0000


   NSTEP       ENERGY          RMS            GMAX         NAME    NUMBER
    160      -2.4971E+03     1.1648E+00     2.8885E+01     CG        514

 BOND    =       47.0014  ANGLE   =      192.2993  DIHED      =      669.8756
 VDWAALS =     -503.6195  EEL     =    -4301.0190  EGB        =    -1822.7777
 1-4 VDW =      242.9078  1-4 EEL =     2978.2155  RESTRAINT  =        0.0000


   NSTEP       ENERGY          RMS            GMAX         NAME    NUMBER
    170      -2.5042E+03     1.1987E+00     1.4906E+01     C         946

 BOND    =       42.8199  ANGLE   =      188.0308  DIHED      =      668.2532
 VDWAALS =     -503.5998  EEL     =    -4236.0173  EGB        =    -1887.2897
 1-4 VDW =      243.7795  1-4 EEL =     2979.8137  RESTRAINT  =        0.0000


   NSTEP       ENERGY          RMS            GMAX         NAME    NUMBER
    180      -2.5057E+03     6.0973E-01     5.6898E+00     OXT      1231

 BOND    =       42.4571  ANGLE   =      187.7176  DIHED      =      668.1253
 VDWAALS =     -503.7857  EEL     =    -4254.6814  EGB        =    -1868.9020
 1-4 VDW =      243.6935  1-4 EEL =     2979.6551  RESTRAINT  =        0.0000


   NSTEP       ENERGY          RMS            GMAX         NAME    NUMBER
    190      -2.5101E+03     9.1999E-01     1.1709E+01     CG        514

 BOND    =       44.5428  ANGLE   =      188.0515  DIHED      =      667.6985
 VDWAALS =     -506.3506  EEL     =    -4279.2564  EGB        =    -1844.5535
 1-4 VDW =      242.5435  1-4 EEL =     2977.2631  RESTRAINT  =        0.0000


   NSTEP       ENERGY          RMS            GMAX         NAME    NUMBER
    200      -2.5251E+03     1.7537E+00     1.6683E+01     C         960

 BOND    =       50.6486  ANGLE   =      193.7550  DIHED      =      665.3645
 VDWAALS =     -518.8849  EEL     =    -4170.9477  EGB        =    -1951.9766
 1-4 VDW =      237.7743  1-4 EEL =     2969.1771  RESTRAINT  =        0.0000


  Maximum number of minimization cycles reached.


                    FINAL RESULTS



   NSTEP       ENERGY          RMS            GMAX         NAME    NUMBER
    200      -2.5251E+03     1.7537E+00     1.6683E+01     C         960

 BOND    =       50.6486  ANGLE   =      193.7550  DIHED      =      665.3645
 VDWAALS =     -518.8849  EEL     =    -4170.9477  EGB        =    -1951.9766
 1-4 VDW =      237.7743  1-4 EEL =     2969.1771  RESTRAINT  =        0.0000

--------------------------------------------------------------------------------
   5.  TIMINGS
--------------------------------------------------------------------------------

|    Read coords time           0.01 ( 0.01% of Total)
|                Calc gb radii             17.63 (28.03% of Gen B)
|                Calc gb diag              32.17 (51.14% of Gen B)
|                Calc gb off-diag          13.10 (20.82% of Gen B)
|             Gen Born time             62.90 (100.0% of Nonbo)
|          Nonbond force             62.90 (98.75% of Force)
|          Bond/Angle/Dihedral        0.80 ( 1.25% of Force)
|          Other                      0.00 ( 0.01% of Force)
|       Force time                63.69 (100.0% of Runmd)
|    Runmd Time                63.69 (99.75% of Total)
|    Other                      0.15 ( 0.24% of Total)
| Total time                63.85 (100.0% of ALL  )

| Highest rstack allocated:          0
| Highest istack allocated:          0
|           Job began  at 17:26:29.188  on 11/26/2007
|           Setup done at 17:26:29.258  on 11/26/2007
|           Run   done at 17:27:33.043  on 11/26/2007
|     wallclock() was called    3608 times
