
          -------------------------------------------------------
          Amber 9  SANDER                              2006
          -------------------------------------------------------

| Run on 11/26/2007 at 17:27:33

File Assignments:
|  MDIN: min.in                                                                
| MDOUT: 1ef1.8.4.out                                                          
|INPCRD: prmcrd.8.4                                                            
|  PARM: prmtop                                                                
|RESTRT: 1ef1.8.4.xyz                                                          
|  REFC: refc                                                                  
| MDVEL: mdvel                                                                 
|  MDEN: mden                                                                  
| MDCRD: mdcrd                                                                 
|MDINFO: mdinfo                                                                
|INPDIP: inpdip                                                                
|RSTDIP: rstdip                                                                


 Here is the input file:

# 200m steps of minimization, generalized Born solvent model                   
 &cntrl                                                                        
    maxcyc=200, imin=1, cut=12.0, igb=1, ntb=0, ntpr=10,                       
 /                                                                             

--------------------------------------------------------------------------------
   1.  RESOURCE   USE: 
--------------------------------------------------------------------------------

| Flags:                                                                        
| New format PARM file being parsed.
| Version =    1.000 Date = 11/26/07 Time = 11:13:55
 NATOM  =    1231 NTYPES =      14 NBONH =     629 MBONA  =     608
 NTHETH =    1439 MTHETA =     818 NPHIH =    2711 MPHIA  =    1753
 NHPARM =       0 NPARM  =       0 NNB   =    6824 NRES   =      76
 NBONA  =     608 NTHETA =     818 NPHIA =    1753 NUMBND =      33
 NUMANG =      70 NPTRA  =      41 NATYP =      24 NPHB   =       0
 IFBOX  =       0 NMXRS  =      24 IFCAP =       0 NEXTRA =       0
 NCOPY  =       0

 Implicit solvent radii are modified Bondi radii (mbondi)                                                   

|     Memory Use     Allocated
|     Real               79143
|     Hollerith           7464
|     Integer            82612
|     Max Pairs              1
|     nblistReal             0
|     nblist Int             0
|       Total              970 kbytes
| Duplicated    0 dihedrals
| Duplicated    0 dihedrals

--------------------------------------------------------------------------------
   2.  CONTROL  DATA  FOR  THE  RUN
--------------------------------------------------------------------------------

                                                                                

General flags:
     imin    =       1, nmropt  =       0

Nature and format of input:
     ntx     =       1, irest   =       0, ntrx    =       1

Nature and format of output:
     ntxo    =       1, ntpr    =      10, ntrx    =       1, ntwr    =     500
     iwrap   =       0, ntwx    =       0, ntwv    =       0, ntwe    =       0
     ioutfm  =       0, ntwprt  =       0, idecomp =       0, rbornstat=      0

Potential function:
     ntf     =       1, ntb     =       0, igb     =       1, nsnb    =      25
     ipol    =       0, gbsa    =       0, iesp    =       0
     dielc   =   1.00000, cut     =  12.00000, intdiel =   1.00000
     saltcon =   0.00000, offset  =   0.09000, gbalpha=    1.00000
     gbbeta  =   0.00000, gbgamma =   0.00000, surften =   0.00500
     rdt     =   0.00000, rgbmax  =  25.00000
     alpb  =        0
     scnb    =   2.00000, scee    =   1.20000

Frozen or restrained atoms:
     ibelly  =       0, ntr     =       0

Energy minimization:
     maxcyc  =     200, ncyc    =      10, ntmin   =       1
     dx0     =   0.01000, drms    =   0.00010
|  INFO: Old style inpcrd file read


--------------------------------------------------------------------------------
   3.  ATOMIC COORDINATES AND VELOCITIES
--------------------------------------------------------------------------------

                                                                                
 begin time read from input coords =     0.000 ps

 Number of triangulated 3-point waters found:        0

--------------------------------------------------------------------------------
   4.  RESULTS
--------------------------------------------------------------------------------



   NSTEP       ENERGY          RMS            GMAX         NAME    NUMBER
      1       8.4655E+04     1.6513E+04     4.3386E+05     HD11      713

 BOND    =     9820.7127  ANGLE   =      349.7538  DIHED      =      677.2529
 VDWAALS =    76370.9303  EEL     =    -4014.4278  EGB        =    -2156.5362
 1-4 VDW =      452.6582  1-4 EEL =     3154.4417  RESTRAINT  =        0.0000


   NSTEP       ENERGY          RMS            GMAX         NAME    NUMBER
     10       3.1341E+04     3.7638E+03     9.2011E+04     HD12     1107

 BOND    =     9818.4187  ANGLE   =      349.8307  DIHED      =      677.2648
 VDWAALS =    23059.6871  EEL     =    -4016.4291  EGB        =    -2154.5542
 1-4 VDW =      452.7641  1-4 EEL =     3154.4186  RESTRAINT  =        0.0000


   NSTEP       ENERGY          RMS            GMAX         NAME    NUMBER
     20       3.0751E+03     4.6058E+01     1.2150E+03     C        1229

 BOND    =     4088.3482  ANGLE   =      644.3760  DIHED      =      678.6326
 VDWAALS =      254.2950  EEL     =    -4070.9450  EGB        =    -2069.7329
 1-4 VDW =      440.7393  1-4 EEL =     3109.4167  RESTRAINT  =        0.0000


   NSTEP       ENERGY          RMS            GMAX         NAME    NUMBER
     30      -2.5450E+02     1.9787E+01     4.9685E+02     C        1229

 BOND    =      891.7816  ANGLE   =      827.2986  DIHED      =      680.2516
 VDWAALS =        9.4179  EEL     =    -4022.1851  EGB        =    -2137.5575
 1-4 VDW =      411.5995  1-4 EEL =     3084.8957  RESTRAINT  =        0.0000


   NSTEP       ENERGY          RMS            GMAX         NAME    NUMBER
     40      -1.6226E+03     7.3295E+00     1.6261E+02     C        1229

 BOND    =      241.2164  ANGLE   =      394.7932  DIHED      =      687.3836
 VDWAALS =     -190.9822  EEL     =    -4142.3546  EGB        =    -1965.2133
 1-4 VDW =      339.0106  1-4 EEL =     3013.5794  RESTRAINT  =        0.0000


   NSTEP       ENERGY          RMS            GMAX         NAME    NUMBER
     50      -2.1070E+03     5.0019E+00     1.0164E+02     C        1229

 BOND    =      102.5164  ANGLE   =      288.5048  DIHED      =      683.4729
 VDWAALS =     -357.1689  EEL     =    -4103.0371  EGB        =    -2005.3234
 1-4 VDW =      284.5877  1-4 EEL =     2999.4603  RESTRAINT  =        0.0000


   NSTEP       ENERGY          RMS            GMAX         NAME    NUMBER
     60      -2.1765E+03     4.5693E+00     1.1076E+02     C        1229

 BOND    =       87.5487  ANGLE   =      278.0407  DIHED      =      679.0934
 VDWAALS =     -388.3734  EEL     =    -4030.5963  EGB        =    -2075.3566
 1-4 VDW =      279.6068  1-4 EEL =     2993.4966  RESTRAINT  =        0.0000


   NSTEP       ENERGY          RMS            GMAX         NAME    NUMBER
     70      -2.3055E+03     3.5460E+00     6.9612E+01     C        1229

 BOND    =       70.8744  ANGLE   =      229.8143  DIHED      =      669.7655
 VDWAALS =     -418.5204  EEL     =    -4161.4405  EGB        =    -1944.1542
 1-4 VDW =      264.5497  1-4 EEL =     2983.6522  RESTRAINT  =        0.0000


   NSTEP       ENERGY          RMS            GMAX         NAME    NUMBER
     80      -2.3584E+03     3.0189E+00     3.5254E+01     C        1215

 BOND    =       59.0095  ANGLE   =      221.0753  DIHED      =      671.8231
 VDWAALS =     -441.2364  EEL     =    -4289.4219  EGB        =    -1815.3413
 1-4 VDW =      259.4321  1-4 EEL =     2976.2599  RESTRAINT  =        0.0000


   NSTEP       ENERGY          RMS            GMAX         NAME    NUMBER
     90      -2.3995E+03     1.7408E+00     4.0181E+01     C        1215

 BOND    =       52.1504  ANGLE   =      213.5317  DIHED      =      670.8157
 VDWAALS =     -456.4909  EEL     =    -4223.4403  EGB        =    -1881.0295
 1-4 VDW =      252.4412  1-4 EEL =     2972.5129  RESTRAINT  =        0.0000


   NSTEP       ENERGY          RMS            GMAX         NAME    NUMBER
    100      -2.4334E+03     1.9507E+00     2.7977E+01     N        1224

 BOND    =       51.9107  ANGLE   =      212.6710  DIHED      =      669.8044
 VDWAALS =     -478.5386  EEL     =    -4411.5751  EGB        =    -1700.3327
 1-4 VDW =      247.7588  1-4 EEL =     2974.8561  RESTRAINT  =        0.0000


   NSTEP       ENERGY          RMS            GMAX         NAME    NUMBER
    110      -2.4186E+03     6.0489E+00     1.5587E+02     C        1229

 BOND    =       72.6870  ANGLE   =      212.6224  DIHED      =      669.4562
 VDWAALS =     -482.4267  EEL     =    -4380.0010  EGB        =    -1731.0257
 1-4 VDW =      247.3267  1-4 EEL =     2972.7716  RESTRAINT  =        0.0000


   NSTEP       ENERGY          RMS            GMAX         NAME    NUMBER
    120      -2.4617E+03     1.5594E+00     3.3679E+01     CD        551

 BOND    =       48.2639  ANGLE   =      200.4226  DIHED      =      666.7731
 VDWAALS =     -482.8112  EEL     =    -4370.4150  EGB        =    -1741.3257
 1-4 VDW =      246.4380  1-4 EEL =     2970.9103  RESTRAINT  =        0.0000


   NSTEP       ENERGY          RMS            GMAX         NAME    NUMBER
    130      -2.4734E+03     1.0352E+00     1.5173E+01     C        1222

 BOND    =       46.3099  ANGLE   =      198.8257  DIHED      =      665.8689
 VDWAALS =     -487.5328  EEL     =    -4422.8302  EGB        =    -1690.6479
 1-4 VDW =      246.3320  1-4 EEL =     2970.2692  RESTRAINT  =        0.0000


   NSTEP       ENERGY          RMS            GMAX         NAME    NUMBER
    140      -2.4792E+03     1.3348E+00     2.2048E+01     N        1224

 BOND    =       46.9081  ANGLE   =      198.4900  DIHED      =      665.4683
 VDWAALS =     -490.3373  EEL     =    -4417.3087  EGB        =    -1696.5538
 1-4 VDW =      244.6140  1-4 EEL =     2969.5012  RESTRAINT  =        0.0000


   NSTEP       ENERGY          RMS            GMAX         NAME    NUMBER
    150      -2.4921E+03     1.3368E+00     2.4143E+01     C        1229

 BOND    =       48.7949  ANGLE   =      199.4705  DIHED      =      665.3219
 VDWAALS =     -500.1388  EEL     =    -4450.8313  EGB        =    -1665.8093
 1-4 VDW =      241.9150  1-4 EEL =     2969.1493  RESTRAINT  =        0.0000


   NSTEP       ENERGY          RMS            GMAX         NAME    NUMBER
    160      -2.4975E+03     1.5388E+00     2.9086E+01     N        1224

 BOND    =       47.4805  ANGLE   =      196.5440  DIHED      =      664.1054
 VDWAALS =     -500.1143  EEL     =    -4443.8271  EGB        =    -1673.2259
 1-4 VDW =      241.9394  1-4 EEL =     2969.6173  RESTRAINT  =        0.0000


   NSTEP       ENERGY          RMS            GMAX         NAME    NUMBER
    170      -2.5062E+03     1.0403E+00     9.7802E+00     N          56

 BOND    =       46.4074  ANGLE   =      192.8091  DIHED      =      662.6265
 VDWAALS =     -501.9647  EEL     =    -4317.4563  EGB        =    -1798.3689
 1-4 VDW =      241.8827  1-4 EEL =     2967.8357  RESTRAINT  =        0.0000


   NSTEP       ENERGY          RMS            GMAX         NAME    NUMBER
    180      -2.5166E+03     9.9338E-01     1.2088E+01     C        1222

 BOND    =       46.4626  ANGLE   =      193.7787  DIHED      =      661.4779
 VDWAALS =     -506.6094  EEL     =    -4372.4419  EGB        =    -1744.9216
 1-4 VDW =      240.4877  1-4 EEL =     2965.1940  RESTRAINT  =        0.0000


   NSTEP       ENERGY          RMS            GMAX         NAME    NUMBER
    190      -2.5230E+03     2.1292E+00     3.6303E+01     N        1217

 BOND    =       49.1668  ANGLE   =      193.1073  DIHED      =      660.4010
 VDWAALS =     -511.7454  EEL     =    -4291.3157  EGB        =    -1826.6104
 1-4 VDW =      238.8338  1-4 EEL =     2965.1292  RESTRAINT  =        0.0000


   NSTEP       ENERGY          RMS            GMAX         NAME    NUMBER
    200      -2.5316E+03     7.4079E-01     1.3676E+01     O        1223

 BOND    =       47.2881  ANGLE   =      191.9105  DIHED      =      659.8936
 VDWAALS =     -514.2040  EEL     =    -4387.0802  EGB        =    -1732.3651
 1-4 VDW =      237.8636  1-4 EEL =     2965.1086  RESTRAINT  =        0.0000


  Maximum number of minimization cycles reached.


                    FINAL RESULTS



   NSTEP       ENERGY          RMS            GMAX         NAME    NUMBER
    200      -2.5316E+03     7.4079E-01     1.3676E+01     O        1223

 BOND    =       47.2881  ANGLE   =      191.9105  DIHED      =      659.8936
 VDWAALS =     -514.2040  EEL     =    -4387.0802  EGB        =    -1732.3651
 1-4 VDW =      237.8636  1-4 EEL =     2965.1086  RESTRAINT  =        0.0000

--------------------------------------------------------------------------------
   5.  TIMINGS
--------------------------------------------------------------------------------

|    Read coords time           0.01 ( 0.01% of Total)
|                Calc gb radii             17.50 (27.96% of Gen B)
|                Calc gb diag              31.93 (51.04% of Gen B)
|                Calc gb off-diag          13.13 (20.99% of Gen B)
|             Gen Born time             62.56 (100.0% of Nonbo)
|          Nonbond force             62.56 (98.74% of Force)
|          Bond/Angle/Dihedral        0.80 ( 1.25% of Force)
|          Other                      0.00 ( 0.01% of Force)
|       Force time                63.36 (100.0% of Runmd)
|    Runmd Time                63.36 (99.76% of Total)
|    Other                      0.14 ( 0.23% of Total)
| Total time                63.51 (100.0% of ALL  )

| Highest rstack allocated:          0
| Highest istack allocated:          0
|           Job began  at 17:27:33.567  on 11/26/2007
|           Setup done at 17:27:33.636  on 11/26/2007
|           Run   done at 17:28:37.079  on 11/26/2007
|     wallclock() was called    3608 times
