
          -------------------------------------------------------
          Amber 9  SANDER                              2006
          -------------------------------------------------------

| Run on 11/26/2007 at 17:17:52

File Assignments:
|  MDIN: min.in                                                                
| MDOUT: 1ef1.7.2.out                                                          
|INPCRD: prmcrd.7.2                                                            
|  PARM: prmtop                                                                
|RESTRT: 1ef1.7.2.xyz                                                          
|  REFC: refc                                                                  
| MDVEL: mdvel                                                                 
|  MDEN: mden                                                                  
| MDCRD: mdcrd                                                                 
|MDINFO: mdinfo                                                                
|INPDIP: inpdip                                                                
|RSTDIP: rstdip                                                                


 Here is the input file:

# 200m steps of minimization, generalized Born solvent model                   
 &cntrl                                                                        
    maxcyc=200, imin=1, cut=12.0, igb=1, ntb=0, ntpr=10,                       
 /                                                                             

--------------------------------------------------------------------------------
   1.  RESOURCE   USE: 
--------------------------------------------------------------------------------

| Flags:                                                                        
| New format PARM file being parsed.
| Version =    1.000 Date = 11/26/07 Time = 11:13:55
 NATOM  =    1231 NTYPES =      14 NBONH =     629 MBONA  =     608
 NTHETH =    1439 MTHETA =     818 NPHIH =    2711 MPHIA  =    1753
 NHPARM =       0 NPARM  =       0 NNB   =    6824 NRES   =      76
 NBONA  =     608 NTHETA =     818 NPHIA =    1753 NUMBND =      33
 NUMANG =      70 NPTRA  =      41 NATYP =      24 NPHB   =       0
 IFBOX  =       0 NMXRS  =      24 IFCAP =       0 NEXTRA =       0
 NCOPY  =       0

 Implicit solvent radii are modified Bondi radii (mbondi)                                                   

|     Memory Use     Allocated
|     Real               79143
|     Hollerith           7464
|     Integer            82612
|     Max Pairs              1
|     nblistReal             0
|     nblist Int             0
|       Total              970 kbytes
| Duplicated    0 dihedrals
| Duplicated    0 dihedrals

--------------------------------------------------------------------------------
   2.  CONTROL  DATA  FOR  THE  RUN
--------------------------------------------------------------------------------

                                                                                

General flags:
     imin    =       1, nmropt  =       0

Nature and format of input:
     ntx     =       1, irest   =       0, ntrx    =       1

Nature and format of output:
     ntxo    =       1, ntpr    =      10, ntrx    =       1, ntwr    =     500
     iwrap   =       0, ntwx    =       0, ntwv    =       0, ntwe    =       0
     ioutfm  =       0, ntwprt  =       0, idecomp =       0, rbornstat=      0

Potential function:
     ntf     =       1, ntb     =       0, igb     =       1, nsnb    =      25
     ipol    =       0, gbsa    =       0, iesp    =       0
     dielc   =   1.00000, cut     =  12.00000, intdiel =   1.00000
     saltcon =   0.00000, offset  =   0.09000, gbalpha=    1.00000
     gbbeta  =   0.00000, gbgamma =   0.00000, surften =   0.00500
     rdt     =   0.00000, rgbmax  =  25.00000
     alpb  =        0
     scnb    =   2.00000, scee    =   1.20000

Frozen or restrained atoms:
     ibelly  =       0, ntr     =       0

Energy minimization:
     maxcyc  =     200, ncyc    =      10, ntmin   =       1
     dx0     =   0.01000, drms    =   0.00010
|  INFO: Old style inpcrd file read


--------------------------------------------------------------------------------
   3.  ATOMIC COORDINATES AND VELOCITIES
--------------------------------------------------------------------------------

                                                                                
 begin time read from input coords =     0.000 ps

 Number of triangulated 3-point waters found:        0

--------------------------------------------------------------------------------
   4.  RESULTS
--------------------------------------------------------------------------------



   NSTEP       ENERGY          RMS            GMAX         NAME    NUMBER
      1       9.6863E+04     1.0015E+04     3.1929E+05     HD12     1107

 BOND    =    45130.7659  ANGLE   =      730.7394  DIHED      =      726.8523
 VDWAALS =    52858.6262  EEL     =    -3806.8888  EGB        =    -2275.7974
 1-4 VDW =      430.3368  1-4 EEL =     3068.6716  RESTRAINT  =        0.0000


   NSTEP       ENERGY          RMS            GMAX         NAME    NUMBER
     10       6.3558E+04     2.5419E+03     6.6557E+04     HD12     1107

 BOND    =    45094.9720  ANGLE   =      730.7687  DIHED      =      726.8220
 VDWAALS =    19589.3312  EEL     =    -3808.7321  EGB        =    -2273.9424
 1-4 VDW =      430.4183  1-4 EEL =     3068.6124  RESTRAINT  =        0.0000


   NSTEP       ENERGY          RMS            GMAX         NAME    NUMBER
     20       2.2752E+04     7.4277E+01     1.8128E+03     O        1223

 BOND    =    23070.3512  ANGLE   =     1235.2057  DIHED      =      692.1648
 VDWAALS =      398.0438  EEL     =    -3817.7687  EGB        =    -2245.4520
 1-4 VDW =      406.9366  1-4 EEL =     3012.8904  RESTRAINT  =        0.0000


   NSTEP       ENERGY          RMS            GMAX         NAME    NUMBER
     30       8.5803E+03     2.7672E+01     7.2631E+02     CA       1219

 BOND    =     8677.9379  ANGLE   =     2080.7851  DIHED      =      717.3659
 VDWAALS =     -113.7558  EEL     =    -3848.0178  EGB        =    -2230.9668
 1-4 VDW =      370.4811  1-4 EEL =     2926.4710  RESTRAINT  =        0.0000


   NSTEP       ENERGY          RMS            GMAX         NAME    NUMBER
     40       1.0269E+03     1.7444E+01     3.7117E+02     CA       1226

 BOND    =     2154.0743  ANGLE   =     1193.9538  DIHED      =      737.2305
 VDWAALS =     -220.2948  EEL     =    -3800.2926  EGB        =    -2173.5361
 1-4 VDW =      299.1381  1-4 EEL =     2836.6542  RESTRAINT  =        0.0000


   NSTEP       ENERGY          RMS            GMAX         NAME    NUMBER
     50      -6.2173E+02     1.0668E+01     2.0991E+02     C        1215

 BOND    =     1023.7312  ANGLE   =      855.6589  DIHED      =      725.8350
 VDWAALS =     -370.4770  EEL     =    -3895.8703  EGB        =    -2118.5810
 1-4 VDW =      285.3964  1-4 EEL =     2872.5768  RESTRAINT  =        0.0000


   NSTEP       ENERGY          RMS            GMAX         NAME    NUMBER
     60      -8.4843E+02     6.7980E+00     9.9134E+01     CA       1219

 BOND    =      889.5703  ANGLE   =      800.2720  DIHED      =      707.4624
 VDWAALS =     -375.1948  EEL     =    -3845.6883  EGB        =    -2163.5081
 1-4 VDW =      276.3937  1-4 EEL =     2862.2623  RESTRAINT  =        0.0000


   NSTEP       ENERGY          RMS            GMAX         NAME    NUMBER
     70      -1.3818E+03     9.1362E+00     1.7617E+02     O        1223

 BOND    =      573.6169  ANGLE   =      628.5438  DIHED      =      710.6386
 VDWAALS =     -398.0914  EEL     =    -3825.2020  EGB        =    -2161.4861
 1-4 VDW =      258.6947  1-4 EEL =     2831.4863  RESTRAINT  =        0.0000


   NSTEP       ENERGY          RMS            GMAX         NAME    NUMBER
     80      -1.8058E+03     7.3117E+00     1.3690E+02     CD        551

 BOND    =      335.4757  ANGLE   =      528.5986  DIHED      =      686.5523
 VDWAALS =     -441.6623  EEL     =    -3931.8415  EGB        =    -2074.6410
 1-4 VDW =      243.3976  1-4 EEL =     2848.3208  RESTRAINT  =        0.0000


   NSTEP       ENERGY          RMS            GMAX         NAME    NUMBER
     90      -2.0449E+03     4.0123E+00     5.0494E+01     C        1229

 BOND    =      244.7249  ANGLE   =      386.1998  DIHED      =      689.4445
 VDWAALS =     -449.5004  EEL     =    -4040.0202  EGB        =    -1978.7291
 1-4 VDW =      236.5410  1-4 EEL =     2866.4582  RESTRAINT  =        0.0000


   NSTEP       ENERGY          RMS            GMAX         NAME    NUMBER
    100      -2.1675E+03     3.0068E+00     5.9056E+01     CD        551

 BOND    =      194.3916  ANGLE   =      339.5686  DIHED      =      675.8861
 VDWAALS =     -469.4058  EEL     =    -4028.2796  EGB        =    -2007.0139
 1-4 VDW =      239.0001  1-4 EEL =     2888.3842  RESTRAINT  =        0.0000


   NSTEP       ENERGY          RMS            GMAX         NAME    NUMBER
    110      -2.2072E+03     2.0701E+00     3.5136E+01     CA       1226

 BOND    =      176.9759  ANGLE   =      325.0807  DIHED      =      675.8232
 VDWAALS =     -470.7374  EEL     =    -4120.8124  EGB        =    -1914.5783
 1-4 VDW =      236.1685  1-4 EEL =     2884.8685  RESTRAINT  =        0.0000


   NSTEP       ENERGY          RMS            GMAX         NAME    NUMBER
    120      -2.2885E+03     2.5147E+00     5.3051E+01     CA       1226

 BOND    =      144.1788  ANGLE   =      290.6705  DIHED      =      673.7497
 VDWAALS =     -479.1027  EEL     =    -4156.2142  EGB        =    -1880.7203
 1-4 VDW =      234.3206  1-4 EEL =     2884.6070  RESTRAINT  =        0.0000


   NSTEP       ENERGY          RMS            GMAX         NAME    NUMBER
    130      -2.3217E+03     3.3164E+00     4.7684E+01     C        1229

 BOND    =      122.7394  ANGLE   =      284.2744  DIHED      =      672.9019
 VDWAALS =     -483.7240  EEL     =    -4177.3735  EGB        =    -1867.0082
 1-4 VDW =      234.8140  1-4 EEL =     2891.6840  RESTRAINT  =        0.0000


   NSTEP       ENERGY          RMS            GMAX         NAME    NUMBER
    140      -2.3578E+03     1.7243E+00     1.8173E+01     N        1224

 BOND    =      110.5051  ANGLE   =      264.5557  DIHED      =      672.4578
 VDWAALS =     -485.0931  EEL     =    -4127.2918  EGB        =    -1919.4838
 1-4 VDW =      232.4339  1-4 EEL =     2894.1320  RESTRAINT  =        0.0000


   NSTEP       ENERGY          RMS            GMAX         NAME    NUMBER
    150      -2.4002E+03     1.9424E+00     2.9029E+01     CG        617

 BOND    =       90.1679  ANGLE   =      253.0957  DIHED      =      669.2532
 VDWAALS =     -495.4155  EEL     =    -4142.8203  EGB        =    -1919.3632
 1-4 VDW =      234.3497  1-4 EEL =     2910.5662  RESTRAINT  =        0.0000


   NSTEP       ENERGY          RMS            GMAX         NAME    NUMBER
    160      -2.4101E+03     1.5030E+00     3.3263E+01     CA       1226

 BOND    =       87.3564  ANGLE   =      249.1564  DIHED      =      668.7242
 VDWAALS =     -496.2707  EEL     =    -4167.0861  EGB        =    -1895.4246
 1-4 VDW =      233.4109  1-4 EEL =     2909.9903  RESTRAINT  =        0.0000


   NSTEP       ENERGY          RMS            GMAX         NAME    NUMBER
    170      -2.4365E+03     1.0955E+00     1.5543E+01     CA       1226

 BOND    =       81.2821  ANGLE   =      235.5439  DIHED      =      668.3486
 VDWAALS =     -499.1800  EEL     =    -4204.7614  EGB        =    -1855.7049
 1-4 VDW =      231.7251  1-4 EEL =     2906.2546  RESTRAINT  =        0.0000


   NSTEP       ENERGY          RMS            GMAX         NAME    NUMBER
    180      -2.4489E+03     1.0828E+00     1.9184E+01     N        1224

 BOND    =       77.3387  ANGLE   =      232.5725  DIHED      =      666.7201
 VDWAALS =     -501.8831  EEL     =    -4238.5808  EGB        =    -1825.8386
 1-4 VDW =      231.4322  1-4 EEL =     2909.3512  RESTRAINT  =        0.0000


   NSTEP       ENERGY          RMS            GMAX         NAME    NUMBER
    190      -2.4586E+03     1.4655E+00     2.6723E+01     N        1224

 BOND    =       75.8779  ANGLE   =      227.3247  DIHED      =      666.5940
 VDWAALS =     -503.5656  EEL     =    -4234.7942  EGB        =    -1831.8758
 1-4 VDW =      231.1522  1-4 EEL =     2910.7259  RESTRAINT  =        0.0000


   NSTEP       ENERGY          RMS            GMAX         NAME    NUMBER
    200      -2.4908E+03     2.4224E+00     3.6353E+01     N        1217

 BOND    =       65.3673  ANGLE   =      217.8834  DIHED      =      663.7698
 VDWAALS =     -513.5998  EEL     =    -4179.1007  EGB        =    -1903.8563
 1-4 VDW =      232.3577  1-4 EEL =     2926.3489  RESTRAINT  =        0.0000


  Maximum number of minimization cycles reached.


                    FINAL RESULTS



   NSTEP       ENERGY          RMS            GMAX         NAME    NUMBER
    200      -2.4908E+03     2.4224E+00     3.6353E+01     N        1217

 BOND    =       65.3673  ANGLE   =      217.8834  DIHED      =      663.7698
 VDWAALS =     -513.5998  EEL     =    -4179.1007  EGB        =    -1903.8563
 1-4 VDW =      232.3577  1-4 EEL =     2926.3489  RESTRAINT  =        0.0000

--------------------------------------------------------------------------------
   5.  TIMINGS
--------------------------------------------------------------------------------

|    Read coords time           0.01 ( 0.01% of Total)
|                Calc gb radii             17.61 (27.63% of Gen B)
|                Calc gb diag              32.95 (51.68% of Gen B)
|                Calc gb off-diag          13.19 (20.68% of Gen B)
|             Gen Born time             63.75 (100.0% of Nonbo)
|          Nonbond force             63.75 (98.76% of Force)
|          Bond/Angle/Dihedral        0.80 ( 1.24% of Force)
|          Other                      0.00 ( 0.01% of Force)
|       Force time                64.55 (100.0% of Runmd)
|    Runmd Time                64.55 (99.77% of Total)
|    Other                      0.14 ( 0.22% of Total)
| Total time                64.70 (100.0% of ALL  )

| Highest rstack allocated:          0
| Highest istack allocated:          0
|           Job began  at 17:17:52.048  on 11/26/2007
|           Setup done at 17:17:52.116  on 11/26/2007
|           Run   done at 17:18:56.748  on 11/26/2007
|     wallclock() was called    3608 times
