
          -------------------------------------------------------
          Amber 9  SANDER                              2006
          -------------------------------------------------------

| Run on 11/26/2007 at 17:29:41

File Assignments:
|  MDIN: min.in                                                                
| MDOUT: 1ef1.8.2.out                                                          
|INPCRD: prmcrd.8.2                                                            
|  PARM: prmtop                                                                
|RESTRT: 1ef1.8.2.xyz                                                          
|  REFC: refc                                                                  
| MDVEL: mdvel                                                                 
|  MDEN: mden                                                                  
| MDCRD: mdcrd                                                                 
|MDINFO: mdinfo                                                                
|INPDIP: inpdip                                                                
|RSTDIP: rstdip                                                                


 Here is the input file:

# 200m steps of minimization, generalized Born solvent model                   
 &cntrl                                                                        
    maxcyc=200, imin=1, cut=12.0, igb=1, ntb=0, ntpr=10,                       
 /                                                                             

--------------------------------------------------------------------------------
   1.  RESOURCE   USE: 
--------------------------------------------------------------------------------

| Flags:                                                                        
| New format PARM file being parsed.
| Version =    1.000 Date = 11/26/07 Time = 11:13:55
 NATOM  =    1231 NTYPES =      14 NBONH =     629 MBONA  =     608
 NTHETH =    1439 MTHETA =     818 NPHIH =    2711 MPHIA  =    1753
 NHPARM =       0 NPARM  =       0 NNB   =    6824 NRES   =      76
 NBONA  =     608 NTHETA =     818 NPHIA =    1753 NUMBND =      33
 NUMANG =      70 NPTRA  =      41 NATYP =      24 NPHB   =       0
 IFBOX  =       0 NMXRS  =      24 IFCAP =       0 NEXTRA =       0
 NCOPY  =       0

 Implicit solvent radii are modified Bondi radii (mbondi)                                                   

|     Memory Use     Allocated
|     Real               79143
|     Hollerith           7464
|     Integer            82612
|     Max Pairs              1
|     nblistReal             0
|     nblist Int             0
|       Total              970 kbytes
| Duplicated    0 dihedrals
| Duplicated    0 dihedrals

--------------------------------------------------------------------------------
   2.  CONTROL  DATA  FOR  THE  RUN
--------------------------------------------------------------------------------

                                                                                

General flags:
     imin    =       1, nmropt  =       0

Nature and format of input:
     ntx     =       1, irest   =       0, ntrx    =       1

Nature and format of output:
     ntxo    =       1, ntpr    =      10, ntrx    =       1, ntwr    =     500
     iwrap   =       0, ntwx    =       0, ntwv    =       0, ntwe    =       0
     ioutfm  =       0, ntwprt  =       0, idecomp =       0, rbornstat=      0

Potential function:
     ntf     =       1, ntb     =       0, igb     =       1, nsnb    =      25
     ipol    =       0, gbsa    =       0, iesp    =       0
     dielc   =   1.00000, cut     =  12.00000, intdiel =   1.00000
     saltcon =   0.00000, offset  =   0.09000, gbalpha=    1.00000
     gbbeta  =   0.00000, gbgamma =   0.00000, surften =   0.00500
     rdt     =   0.00000, rgbmax  =  25.00000
     alpb  =        0
     scnb    =   2.00000, scee    =   1.20000

Frozen or restrained atoms:
     ibelly  =       0, ntr     =       0

Energy minimization:
     maxcyc  =     200, ncyc    =      10, ntmin   =       1
     dx0     =   0.01000, drms    =   0.00010
|  INFO: Old style inpcrd file read


--------------------------------------------------------------------------------
   3.  ATOMIC COORDINATES AND VELOCITIES
--------------------------------------------------------------------------------

                                                                                
 begin time read from input coords =     0.000 ps

 Number of triangulated 3-point waters found:        0

--------------------------------------------------------------------------------
   4.  RESULTS
--------------------------------------------------------------------------------



   NSTEP       ENERGY          RMS            GMAX         NAME    NUMBER
      1       1.2948E+05     1.4250E+04     3.3290E+05     HD11      713

 BOND    =    60701.4778  ANGLE   =      780.0973  DIHED      =      732.8470
 VDWAALS =    69926.8177  EEL     =    -3794.2553  EGB        =    -2362.3704
 1-4 VDW =      424.3651  1-4 EEL =     3068.9123  RESTRAINT  =        0.0000


   NSTEP       ENERGY          RMS            GMAX         NAME    NUMBER
     10       8.2414E+04     3.4302E+03     8.2946E+04     HD12     1107

 BOND    =    60674.5935  ANGLE   =      779.9526  DIHED      =      732.8294
 VDWAALS =    22890.2331  EEL     =    -3795.1718  EGB        =    -2361.4734
 1-4 VDW =      424.4215  1-4 EEL =     3068.8959  RESTRAINT  =        0.0000


   NSTEP       ENERGY          RMS            GMAX         NAME    NUMBER
     20       2.2110E+04     9.8950E+01     2.9927E+03     C        1229

 BOND    =    22437.7796  ANGLE   =     1425.7836  DIHED      =      706.7289
 VDWAALS =      206.9966  EEL     =    -3832.8602  EGB        =    -2237.3313
 1-4 VDW =      393.4249  1-4 EEL =     3009.1109  RESTRAINT  =        0.0000


   NSTEP       ENERGY          RMS            GMAX         NAME    NUMBER
     30       4.7402E+03     3.5405E+01     1.4097E+03     C        1229

 BOND    =     5503.8358  ANGLE   =     1425.1378  DIHED      =      691.5678
 VDWAALS =     -128.4694  EEL     =    -3851.7274  EGB        =    -2199.2860
 1-4 VDW =      353.4288  1-4 EEL =     2945.7277  RESTRAINT  =        0.0000


   NSTEP       ENERGY          RMS            GMAX         NAME    NUMBER
     40       1.1556E+02     1.8594E+01     4.2293E+02     N        1224

 BOND    =     1451.1425  ANGLE   =     1012.7495  DIHED      =      712.7036
 VDWAALS =     -221.8156  EEL     =    -3588.5977  EGB        =    -2449.4923
 1-4 VDW =      304.7880  1-4 EEL =     2894.0785  RESTRAINT  =        0.0000


   NSTEP       ENERGY          RMS            GMAX         NAME    NUMBER
     50      -1.3149E+03     9.7056E+00     2.5974E+02     OXT      1231

 BOND    =      626.0323  ANGLE   =      573.4270  DIHED      =      693.1671
 VDWAALS =     -341.0400  EEL     =    -3702.8383  EGB        =    -2335.1023
 1-4 VDW =      267.2639  1-4 EEL =     2904.1955  RESTRAINT  =        0.0000


   NSTEP       ENERGY          RMS            GMAX         NAME    NUMBER
     60      -1.5486E+03     6.8661E+00     2.0252E+02     C        1229

 BOND    =      452.1922  ANGLE   =      552.2829  DIHED      =      682.6814
 VDWAALS =     -356.0207  EEL     =    -3725.6253  EGB        =    -2317.0404
 1-4 VDW =      262.7860  1-4 EEL =     2900.1741  RESTRAINT  =        0.0000


   NSTEP       ENERGY          RMS            GMAX         NAME    NUMBER
     70      -2.0203E+03     5.9977E+00     1.0711E+02     CA       1226

 BOND    =      214.1368  ANGLE   =      387.1970  DIHED      =      680.5249
 VDWAALS =     -406.5496  EEL     =    -3820.5472  EGB        =    -2218.6661
 1-4 VDW =      247.8392  1-4 EEL =     2895.7793  RESTRAINT  =        0.0000


   NSTEP       ENERGY          RMS            GMAX         NAME    NUMBER
     80      -2.1759E+03     4.7897E+00     8.4311E+01     OXT      1231

 BOND    =      134.3634  ANGLE   =      341.9971  DIHED      =      678.7951
 VDWAALS =     -427.8029  EEL     =    -3949.5505  EGB        =    -2095.1267
 1-4 VDW =      240.7757  1-4 EEL =     2900.6155  RESTRAINT  =        0.0000


   NSTEP       ENERGY          RMS            GMAX         NAME    NUMBER
     90      -2.2844E+03     3.0134E+00     6.7383E+01     C        1222

 BOND    =      107.6491  ANGLE   =      291.1328  DIHED      =      675.2249
 VDWAALS =     -449.4245  EEL     =    -4021.9298  EGB        =    -2029.6147
 1-4 VDW =      237.0997  1-4 EEL =     2905.4861  RESTRAINT  =        0.0000


   NSTEP       ENERGY          RMS            GMAX         NAME    NUMBER
    100      -2.3523E+03     2.6291E+00     5.1077E+01     CA       1219

 BOND    =       91.1438  ANGLE   =      268.1223  DIHED      =      668.7893
 VDWAALS =     -467.0629  EEL     =    -4071.5892  EGB        =    -1992.0504
 1-4 VDW =      234.3913  1-4 EEL =     2915.9273  RESTRAINT  =        0.0000


   NSTEP       ENERGY          RMS            GMAX         NAME    NUMBER
    110      -2.3728E+03     2.5621E+00     6.2813E+01     C        1229

 BOND    =       90.4744  ANGLE   =      251.4272  DIHED      =      667.2872
 VDWAALS =     -468.0400  EEL     =    -4127.0821  EGB        =    -1937.3562
 1-4 VDW =      233.1792  1-4 EEL =     2917.2619  RESTRAINT  =        0.0000


   NSTEP       ENERGY          RMS            GMAX         NAME    NUMBER
    120      -2.4117E+03     1.7167E+00     3.7566E+01     O        1216

 BOND    =       74.0297  ANGLE   =      251.2197  DIHED      =      662.9295
 VDWAALS =     -481.5095  EEL     =    -4228.8873  EGB        =    -1843.3335
 1-4 VDW =      233.8452  1-4 EEL =     2919.9696  RESTRAINT  =        0.0000


   NSTEP       ENERGY          RMS            GMAX         NAME    NUMBER
    130      -2.4490E+03     2.0141E+00     3.8869E+01     CA       1226

 BOND    =       72.8542  ANGLE   =      228.6437  DIHED      =      660.2815
 VDWAALS =     -489.6344  EEL     =    -4265.9741  EGB        =    -1810.8765
 1-4 VDW =      231.3173  1-4 EEL =     2924.4329  RESTRAINT  =        0.0000


   NSTEP       ENERGY          RMS            GMAX         NAME    NUMBER
    140      -2.4740E+03     1.2866E+00     2.3428E+01     C        1229

 BOND    =       63.7944  ANGLE   =      220.4167  DIHED      =      658.6688
 VDWAALS =     -493.6995  EEL     =    -4290.4574  EGB        =    -1790.3955
 1-4 VDW =      231.4983  1-4 EEL =     2926.2223  RESTRAINT  =        0.0000


   NSTEP       ENERGY          RMS            GMAX         NAME    NUMBER
    150      -2.4810E+03     1.2368E+00     3.5175E+01     C        1222

 BOND    =       63.7126  ANGLE   =      216.3540  DIHED      =      657.4890
 VDWAALS =     -495.8117  EEL     =    -4258.7014  EGB        =    -1823.7138
 1-4 VDW =      230.9641  1-4 EEL =     2928.7067  RESTRAINT  =        0.0000


   NSTEP       ENERGY          RMS            GMAX         NAME    NUMBER
    160      -2.4472E+03     6.9295E+00     1.5627E+02     N        1224

 BOND    =       94.1055  ANGLE   =      223.4884  DIHED      =      657.3014
 VDWAALS =     -498.8891  EEL     =    -4263.2643  EGB        =    -1822.0035
 1-4 VDW =      231.6970  1-4 EEL =     2930.3716  RESTRAINT  =        0.0000


   NSTEP       ENERGY          RMS            GMAX         NAME    NUMBER
    170      -2.5000E+03     1.4493E+00     2.2388E+01     OXT      1231

 BOND    =       60.5809  ANGLE   =      215.1588  DIHED      =      654.6195
 VDWAALS =     -502.8390  EEL     =    -4343.5343  EGB        =    -1747.6975
 1-4 VDW =      230.7188  1-4 EEL =     2932.9486  RESTRAINT  =        0.0000


   NSTEP       ENERGY          RMS            GMAX         NAME    NUMBER
    180      -2.5282E+03     1.5847E+00     2.4622E+01     O        1223

 BOND    =       60.7118  ANGLE   =      204.4940  DIHED      =      649.7099
 VDWAALS =     -512.4474  EEL     =    -4301.6676  EGB        =    -1796.4695
 1-4 VDW =      229.3521  1-4 EEL =     2938.1591  RESTRAINT  =        0.0000


   NSTEP       ENERGY          RMS            GMAX         NAME    NUMBER
    190      -2.5412E+03     9.9996E-01     1.9421E+01     N        1224

 BOND    =       55.8353  ANGLE   =      201.6804  DIHED      =      648.1927
 VDWAALS =     -514.0551  EEL     =    -4296.3484  EGB        =    -1800.5041
 1-4 VDW =      229.7910  1-4 EEL =     2934.2021  RESTRAINT  =        0.0000


   NSTEP       ENERGY          RMS            GMAX         NAME    NUMBER
    200      -2.5440E+03     4.3645E-01     6.7806E+00     C        1229

 BOND    =       56.0257  ANGLE   =      200.2953  DIHED      =      647.6079
 VDWAALS =     -514.3763  EEL     =    -4288.8442  EGB        =    -1807.3040
 1-4 VDW =      229.2105  1-4 EEL =     2933.4085  RESTRAINT  =        0.0000


  Maximum number of minimization cycles reached.


                    FINAL RESULTS



   NSTEP       ENERGY          RMS            GMAX         NAME    NUMBER
    200      -2.5440E+03     4.3645E-01     6.7806E+00     C        1229

 BOND    =       56.0257  ANGLE   =      200.2953  DIHED      =      647.6079
 VDWAALS =     -514.3763  EEL     =    -4288.8442  EGB        =    -1807.3040
 1-4 VDW =      229.2105  1-4 EEL =     2933.4085  RESTRAINT  =        0.0000

--------------------------------------------------------------------------------
   5.  TIMINGS
--------------------------------------------------------------------------------

|    Read coords time           0.01 ( 0.01% of Total)
|                Calc gb radii             17.33 (27.80% of Gen B)
|                Calc gb diag              32.02 (51.36% of Gen B)
|                Calc gb off-diag          12.99 (20.84% of Gen B)
|             Gen Born time             62.34 (100.0% of Nonbo)
|          Nonbond force             62.34 (98.73% of Force)
|          Bond/Angle/Dihedral        0.80 ( 1.26% of Force)
|          Other                      0.00 ( 0.01% of Force)
|       Force time                63.14 (100.0% of Runmd)
|    Runmd Time                63.14 (99.75% of Total)
|    Other                      0.15 ( 0.24% of Total)
| Total time                63.30 (100.0% of ALL  )

| Highest rstack allocated:          0
| Highest istack allocated:          0
|           Job began  at 17:29:41.586  on 11/26/2007
|           Setup done at 17:29:41.656  on 11/26/2007
|           Run   done at 17:30:44.889  on 11/26/2007
|     wallclock() was called    3608 times
