
          -------------------------------------------------------
          Amber 9  SANDER                              2006
          -------------------------------------------------------

| Run on 11/26/2007 at 17:31:48

File Assignments:
|  MDIN: min.in                                                                
| MDOUT: 1ef1.8.7.out                                                          
|INPCRD: prmcrd.8.7                                                            
|  PARM: prmtop                                                                
|RESTRT: 1ef1.8.7.xyz                                                          
|  REFC: refc                                                                  
| MDVEL: mdvel                                                                 
|  MDEN: mden                                                                  
| MDCRD: mdcrd                                                                 
|MDINFO: mdinfo                                                                
|INPDIP: inpdip                                                                
|RSTDIP: rstdip                                                                


 Here is the input file:

# 200m steps of minimization, generalized Born solvent model                   
 &cntrl                                                                        
    maxcyc=200, imin=1, cut=12.0, igb=1, ntb=0, ntpr=10,                       
 /                                                                             

--------------------------------------------------------------------------------
   1.  RESOURCE   USE: 
--------------------------------------------------------------------------------

| Flags:                                                                        
| New format PARM file being parsed.
| Version =    1.000 Date = 11/26/07 Time = 11:13:55
 NATOM  =    1231 NTYPES =      14 NBONH =     629 MBONA  =     608
 NTHETH =    1439 MTHETA =     818 NPHIH =    2711 MPHIA  =    1753
 NHPARM =       0 NPARM  =       0 NNB   =    6824 NRES   =      76
 NBONA  =     608 NTHETA =     818 NPHIA =    1753 NUMBND =      33
 NUMANG =      70 NPTRA  =      41 NATYP =      24 NPHB   =       0
 IFBOX  =       0 NMXRS  =      24 IFCAP =       0 NEXTRA =       0
 NCOPY  =       0

 Implicit solvent radii are modified Bondi radii (mbondi)                                                   

|     Memory Use     Allocated
|     Real               79143
|     Hollerith           7464
|     Integer            82612
|     Max Pairs              1
|     nblistReal             0
|     nblist Int             0
|       Total              970 kbytes
| Duplicated    0 dihedrals
| Duplicated    0 dihedrals

--------------------------------------------------------------------------------
   2.  CONTROL  DATA  FOR  THE  RUN
--------------------------------------------------------------------------------

                                                                                

General flags:
     imin    =       1, nmropt  =       0

Nature and format of input:
     ntx     =       1, irest   =       0, ntrx    =       1

Nature and format of output:
     ntxo    =       1, ntpr    =      10, ntrx    =       1, ntwr    =     500
     iwrap   =       0, ntwx    =       0, ntwv    =       0, ntwe    =       0
     ioutfm  =       0, ntwprt  =       0, idecomp =       0, rbornstat=      0

Potential function:
     ntf     =       1, ntb     =       0, igb     =       1, nsnb    =      25
     ipol    =       0, gbsa    =       0, iesp    =       0
     dielc   =   1.00000, cut     =  12.00000, intdiel =   1.00000
     saltcon =   0.00000, offset  =   0.09000, gbalpha=    1.00000
     gbbeta  =   0.00000, gbgamma =   0.00000, surften =   0.00500
     rdt     =   0.00000, rgbmax  =  25.00000
     alpb  =        0
     scnb    =   2.00000, scee    =   1.20000

Frozen or restrained atoms:
     ibelly  =       0, ntr     =       0

Energy minimization:
     maxcyc  =     200, ncyc    =      10, ntmin   =       1
     dx0     =   0.01000, drms    =   0.00010
|  INFO: Old style inpcrd file read


--------------------------------------------------------------------------------
   3.  ATOMIC COORDINATES AND VELOCITIES
--------------------------------------------------------------------------------

                                                                                
 begin time read from input coords =     0.000 ps

 Number of triangulated 3-point waters found:        0

--------------------------------------------------------------------------------
   4.  RESULTS
--------------------------------------------------------------------------------



   NSTEP       ENERGY          RMS            GMAX         NAME    NUMBER
      1       7.5556E+04     1.6073E+04     4.6755E+05     HD11      713

 BOND    =     1088.0298  ANGLE   =      219.7283  DIHED      =      654.2869
 VDWAALS =    76106.1282  EEL     =    -4437.3803  EGB        =    -1744.6943
 1-4 VDW =      466.4740  1-4 EEL =     3203.6228  RESTRAINT  =        0.0000


   NSTEP       ENERGY          RMS            GMAX         NAME    NUMBER
     10       2.3130E+04     3.7388E+03     9.7410E+04     HD11      713

 BOND    =     1089.7303  ANGLE   =      219.8398  DIHED      =      654.2998
 VDWAALS =    23677.6780  EEL     =    -4437.5548  EGB        =    -1744.5171
 1-4 VDW =      466.5905  1-4 EEL =     3203.6014  RESTRAINT  =        0.0000


   NSTEP       ENERGY          RMS            GMAX         NAME    NUMBER
     20       3.3517E+00     2.3954E+01     4.6248E+02     O        1230

 BOND    =      808.8453  ANGLE   =      229.8230  DIHED      =      653.8593
 VDWAALS =      837.9496  EEL     =    -4523.5434  EGB        =    -1659.4321
 1-4 VDW =      462.6712  1-4 EEL =     3193.1789  RESTRAINT  =        0.0000


   NSTEP       ENERGY          RMS            GMAX         NAME    NUMBER
     30      -1.2751E+03     1.0877E+01     1.4167E+02     C         960

 BOND    =      179.1600  ANGLE   =      389.0968  DIHED      =      658.3844
 VDWAALS =       93.9692  EEL     =    -4432.2171  EGB        =    -1751.0957
 1-4 VDW =      434.1970  1-4 EEL =     3153.4384  RESTRAINT  =        0.0000


   NSTEP       ENERGY          RMS            GMAX         NAME    NUMBER
     40      -1.9145E+03     5.9458E+00     5.0215E+01     CG        835

 BOND    =       88.0455  ANGLE   =      306.2475  DIHED      =      681.8679
 VDWAALS =     -252.3952  EEL     =    -4240.4407  EGB        =    -1911.1696
 1-4 VDW =      347.5893  1-4 EEL =     3065.7453  RESTRAINT  =        0.0000


   NSTEP       ENERGY          RMS            GMAX         NAME    NUMBER
     50      -2.1793E+03     4.0830E+00     3.7205E+01     H        1225

 BOND    =       54.7026  ANGLE   =      221.8666  DIHED      =      679.7740
 VDWAALS =     -343.7559  EEL     =    -4164.4274  EGB        =    -1977.3963
 1-4 VDW =      298.2129  1-4 EEL =     3051.7324  RESTRAINT  =        0.0000


   NSTEP       ENERGY          RMS            GMAX         NAME    NUMBER
     60      -2.2161E+03     2.9824E+00     3.9869E+01     N        1224

 BOND    =       51.3096  ANGLE   =      219.0760  DIHED      =      678.4170
 VDWAALS =     -364.6172  EEL     =    -4166.3442  EGB        =    -1974.5819
 1-4 VDW =      295.2985  1-4 EEL =     3045.3494  RESTRAINT  =        0.0000


   NSTEP       ENERGY          RMS            GMAX         NAME    NUMBER
     70      -2.2958E+03     3.7858E+00     3.8949E+01     C        1229

 BOND    =       51.7188  ANGLE   =      226.7166  DIHED      =      679.1438
 VDWAALS =     -418.3699  EEL     =    -4088.2010  EGB        =    -2039.7448
 1-4 VDW =      276.6369  1-4 EEL =     3016.2512  RESTRAINT  =        0.0000


   NSTEP       ENERGY          RMS            GMAX         NAME    NUMBER
     80      -2.3758E+03     3.8396E+00     4.3370E+01     CG        835

 BOND    =       53.2039  ANGLE   =      211.6358  DIHED      =      678.6761
 VDWAALS =     -455.7351  EEL     =    -4059.3397  EGB        =    -2056.4390
 1-4 VDW =      259.5934  1-4 EEL =     2992.5904  RESTRAINT  =        0.0000


   NSTEP       ENERGY          RMS            GMAX         NAME    NUMBER
     90      -2.4179E+03     1.7131E+00     2.4150E+01     C        1229

 BOND    =       45.8100  ANGLE   =      200.4448  DIHED      =      678.4342
 VDWAALS =     -468.2700  EEL     =    -4075.5070  EGB        =    -2042.9914
 1-4 VDW =      252.7558  1-4 EEL =     2991.4145  RESTRAINT  =        0.0000


   NSTEP       ENERGY          RMS            GMAX         NAME    NUMBER
    100      -2.4424E+03     1.5925E+00     1.7378E+01     CD        551

 BOND    =       45.3857  ANGLE   =      200.4912  DIHED      =      676.7018
 VDWAALS =     -482.5501  EEL     =    -4132.8284  EGB        =    -1986.0998
 1-4 VDW =      248.7721  1-4 EEL =     2987.7747  RESTRAINT  =        0.0000


   NSTEP       ENERGY          RMS            GMAX         NAME    NUMBER
    110      -2.4501E+03     1.0302E+00     1.7086E+01     C        1222

 BOND    =       44.9348  ANGLE   =      198.1878  DIHED      =      675.6008
 VDWAALS =     -484.8000  EEL     =    -4117.5554  EGB        =    -2001.7478
 1-4 VDW =      248.4713  1-4 EEL =     2986.7910  RESTRAINT  =        0.0000


   NSTEP       ENERGY          RMS            GMAX         NAME    NUMBER
    120      -2.4561E+03     1.0510E+00     1.6000E+01     N        1224

 BOND    =       44.3949  ANGLE   =      195.6077  DIHED      =      674.6769
 VDWAALS =     -485.6240  EEL     =    -4108.5313  EGB        =    -2011.0291
 1-4 VDW =      248.5716  1-4 EEL =     2985.8020  RESTRAINT  =        0.0000


   NSTEP       ENERGY          RMS            GMAX         NAME    NUMBER
    130      -2.4585E+03     5.7037E-01     7.1111E+00     CD        382

 BOND    =       43.2658  ANGLE   =      194.3460  DIHED      =      674.2479
 VDWAALS =     -485.8028  EEL     =    -4059.7978  EGB        =    -2059.3082
 1-4 VDW =      248.6336  1-4 EEL =     2985.8890  RESTRAINT  =        0.0000


   NSTEP       ENERGY          RMS            GMAX         NAME    NUMBER
    140      -2.4002E+03     1.1353E+01     1.4578E+02     CD        551

 BOND    =      127.0398  ANGLE   =      201.4088  DIHED      =      668.8285
 VDWAALS =     -496.4726  EEL     =    -3897.0829  EGB        =    -2225.0683
 1-4 VDW =      243.7997  1-4 EEL =     2977.3379  RESTRAINT  =        0.0000


   NSTEP       ENERGY          RMS            GMAX         NAME    NUMBER
    150      -2.5399E+03     1.6338E+00     2.5099E+01     CG        617

 BOND    =       48.3930  ANGLE   =      188.9605  DIHED      =      666.6787
 VDWAALS =     -516.5759  EEL     =    -4051.5325  EGB        =    -2073.0049
 1-4 VDW =      236.5004  1-4 EEL =     2960.7071  RESTRAINT  =        0.0000


   NSTEP       ENERGY          RMS            GMAX         NAME    NUMBER
    160      -2.4900E+03     8.2442E+00     2.3117E+02     CG        617

 BOND    =       88.8768  ANGLE   =      192.1678  DIHED      =      667.9658
 VDWAALS =     -516.4824  EEL     =    -3913.6051  EGB        =    -2203.4307
 1-4 VDW =      234.6736  1-4 EEL =     2959.8327  RESTRAINT  =        0.0000


   NSTEP       ENERGY          RMS            GMAX         NAME    NUMBER
    170      -2.5542E+03     6.6390E-01     6.1631E+00     C        1229

 BOND    =       46.7067  ANGLE   =      185.5032  DIHED      =      664.8416
 VDWAALS =     -523.4569  EEL     =    -3947.9854  EGB        =    -2171.1139
 1-4 VDW =      233.7323  1-4 EEL =     2957.6206  RESTRAINT  =        0.0000


   NSTEP       ENERGY          RMS            GMAX         NAME    NUMBER
    180      -2.5586E+03     5.0612E-01     6.6954E+00     CG        617

 BOND    =       46.0122  ANGLE   =      186.8420  DIHED      =      664.4060
 VDWAALS =     -525.9035  EEL     =    -3988.3330  EGB        =    -2132.2554
 1-4 VDW =      232.9510  1-4 EEL =     2957.6959  RESTRAINT  =        0.0000


   NSTEP       ENERGY          RMS            GMAX         NAME    NUMBER
    190      -2.5593E+03     3.7825E-01     2.5542E+00     CG        617

 BOND    =       46.4312  ANGLE   =      185.1955  DIHED      =      664.0488
 VDWAALS =     -525.3209  EEL     =    -3978.3235  EGB        =    -2142.2097
 1-4 VDW =      232.5878  1-4 EEL =     2958.2558  RESTRAINT  =        0.0000


   NSTEP       ENERGY          RMS            GMAX         NAME    NUMBER
    200      -2.5593E+03     3.7631E-01     2.3856E+00     CG        617

 BOND    =       46.4291  ANGLE   =      185.2030  DIHED      =      664.0504
 VDWAALS =     -525.3233  EEL     =    -3978.3212  EGB        =    -2142.2122
 1-4 VDW =      232.5888  1-4 EEL =     2958.2532  RESTRAINT  =        0.0000


  Maximum number of minimization cycles reached.


                    FINAL RESULTS



   NSTEP       ENERGY          RMS            GMAX         NAME    NUMBER
    200      -2.5593E+03     3.7631E-01     2.3856E+00     CG        617

 BOND    =       46.4291  ANGLE   =      185.2030  DIHED      =      664.0504
 VDWAALS =     -525.3233  EEL     =    -3978.3212  EGB        =    -2142.2122
 1-4 VDW =      232.5888  1-4 EEL =     2958.2532  RESTRAINT  =        0.0000

--------------------------------------------------------------------------------
   5.  TIMINGS
--------------------------------------------------------------------------------

|    Read coords time           0.01 ( 0.01% of Total)
|                Calc gb radii             17.70 (27.85% of Gen B)
|                Calc gb diag              32.70 (51.45% of Gen B)
|                Calc gb off-diag          13.16 (20.70% of Gen B)
|             Gen Born time             63.56 (100.0% of Nonbo)
|          Nonbond force             63.56 (98.76% of Force)
|          Bond/Angle/Dihedral        0.79 ( 1.24% of Force)
|          Other                      0.00 ( 0.01% of Force)
|       Force time                64.36 (100.0% of Runmd)
|    Runmd Time                64.36 (99.63% of Total)
|    Other                      0.24 ( 0.36% of Total)
| Total time                64.60 (100.0% of ALL  )

| Highest rstack allocated:          0
| Highest istack allocated:          0
|           Job began  at 17:31:48.479  on 11/26/2007
|           Setup done at 17:31:48.548  on 11/26/2007
|           Run   done at 17:32:53.082  on 11/26/2007
|     wallclock() was called    3608 times
